<?xml version="1.0" encoding="UTF-8"?>
<!-- Generated by org.testng.reporters.JUnitXMLReporter -->
<testsuite ignored="1" hostname="DESKTOP-VATQQUM" failures="0" tests="1" name="Default test" time="32.732" errors="0" timestamp="2021-02-22T07:57:07 GMT-08:00">
  <testcase classname="testCases.CommonCases" name="everyCase" time="32.671"/>
  <testcase classname="testCases.CommonCases" name="allInOne" time="0.0">
    <ignored/>
  </testcase> <!-- allInOne -->
</testsuite> <!-- Default test -->
